0 info it worked if it ends with ok
1 verbose cli [ 'D:\\dev\\nodejs\\\\node.exe',
1 verbose cli   'D:\\dev\\nodejs\\node_modules\\npm\\bin\\npm-cli.js',
1 verbose cli   'install',
1 verbose cli   'zlib' ]
2 info using npm@2.9.1
3 info using node@v0.12.3
4 verbose node symlink D:\dev\nodejs\\node.exe
5 verbose install initial load of D:\dev\workspace\nodejs\nodejs-study\package.json
6 verbose installManyTop reading scoped package data from D:\dev\workspace\nodejs\nodejs-study\node_modules\bl\package.json
7 verbose installManyTop reading scoped package data from D:\dev\workspace\nodejs\nodejs-study\node_modules\concat-stream\package.json
8 verbose installManyTop reading scoped package data from D:\dev\workspace\nodejs\nodejs-study\node_modules\duplexer2\package.json
9 verbose installManyTop reading scoped package data from D:\dev\workspace\nodejs\nodejs-study\node_modules\request\package.json
10 verbose installManyTop reading scoped package data from D:\dev\workspace\nodejs\nodejs-study\node_modules\split\package.json
11 verbose installManyTop reading scoped package data from D:\dev\workspace\nodejs\nodejs-study\node_modules\stream-combiner\package.json
12 verbose installManyTop reading scoped package data from D:\dev\workspace\nodejs\nodejs-study\node_modules\strftime\package.json
13 verbose installManyTop reading scoped package data from D:\dev\workspace\nodejs\nodejs-study\node_modules\through2\package.json
14 verbose installManyTop reading scoped package data from D:\dev\workspace\nodejs\nodejs-study\node_modules\through2-map\package.json
15 verbose installManyTop reading scoped package data from D:\dev\workspace\nodejs\nodejs-study\node_modules\trumpet\package.json
16 verbose installManyTop reading scoped package data from D:\dev\workspace\nodejs\nodejs-study\node_modules\websocket-stream\package.json
17 verbose readDependencies loading dependencies from D:\dev\workspace\nodejs\nodejs-study\package.json
18 silly cache add args [ 'zlib', null ]
19 verbose cache add spec zlib
20 silly cache add parsed spec { raw: 'zlib',
20 silly cache add   scope: null,
20 silly cache add   name: 'zlib',
20 silly cache add   rawSpec: '',
20 silly cache add   spec: '*',
20 silly cache add   type: 'range' }
21 silly addNamed zlib@*
22 verbose addNamed "*" is a valid semver range for zlib
23 silly addNameRange { name: 'zlib', range: '*', hasData: false }
24 silly mapToRegistry name zlib
25 silly mapToRegistry using default registry
26 silly mapToRegistry registry https://registry.npmjs.org/
27 silly mapToRegistry uri https://registry.npmjs.org/zlib
28 verbose addNameRange registry:https://registry.npmjs.org/zlib not in flight; fetching
29 verbose request uri https://registry.npmjs.org/zlib
30 verbose request no auth needed
31 info attempt registry request try #1 at 7:34:33 AM
32 verbose request id cc70d89016a0a76d
33 verbose etag "EBQNZSBGN9EL34IT3BLYCYHQA"
34 http request GET https://registry.npmjs.org/zlib
35 http 304 https://registry.npmjs.org/zlib
36 silly get cb [ 304,
36 silly get   { date: 'Thu, 21 May 2015 10:34:25 GMT',
36 silly get     via: '1.1 varnish',
36 silly get     'cache-control': 'max-age=60',
36 silly get     etag: '"EBQNZSBGN9EL34IT3BLYCYHQA"',
36 silly get     age: '31',
36 silly get     connection: 'keep-alive',
36 silly get     'x-served-by': 'cache-jfk1026-JFK',
36 silly get     'x-cache': 'HIT',
36 silly get     'x-cache-hits': '1',
36 silly get     'x-timer': 'S1432204465.524716,VS0,VE0',
36 silly get     vary: 'Accept' } ]
37 verbose etag https://registry.npmjs.org/zlib from cache
38 verbose get saving zlib to C:\Users\Felipe Albuquerque\AppData\Roaming\npm-cache\registry.npmjs.org\zlib\.cache.json
39 silly addNameRange number 2 { name: 'zlib', range: '*', hasData: true }
40 silly addNameRange versions [ 'zlib',
40 silly addNameRange   [ '1.0.0', '1.0.1', '1.0.2', '1.0.3', '1.0.4', '1.0.5' ] ]
41 silly addNamed zlib@1.0.5
42 verbose addNamed "1.0.5" is a plain semver version for zlib
43 silly cache afterAdd zlib@1.0.5
44 verbose afterAdd C:\Users\Felipe Albuquerque\AppData\Roaming\npm-cache\zlib\1.0.5\package\package.json not in flight; writing
45 verbose afterAdd C:\Users\Felipe Albuquerque\AppData\Roaming\npm-cache\zlib\1.0.5\package\package.json written
46 silly install resolved [ { name: 'zlib',
46 silly install resolved     description: 'Simple, synchronous deflate/inflate for buffers',
46 silly install resolved     version: '1.0.5',
46 silly install resolved     homepage: 'https://github.com/kkaefer/node-zlib',
46 silly install resolved     author: { name: 'Konstantin Käfer', email: 'kkaefer@gmail.com' },
46 silly install resolved     repository: { type: 'git', url: 'git://github.com/kkaefer/node-zlib.git' },
46 silly install resolved     engines: { node: '>=0.2.0' },
46 silly install resolved     licenses: [ [Object] ],
46 silly install resolved     main: './lib/zlib',
46 silly install resolved     _npmJsonOpts:
46 silly install resolved      { file: '/Users/kkaefer/.npm/zlib/1.0.5/package/package.json',
46 silly install resolved        contributors: false,
46 silly install resolved        serverjs: false,
46 silly install resolved        wscript: true },
46 silly install resolved     _id: 'zlib@1.0.5',
46 silly install resolved     scripts: { preinstall: 'node-waf clean || true; node-waf configure build' },
46 silly install resolved     dependencies: {},
46 silly install resolved     devDependencies: {},
46 silly install resolved     _engineSupported: true,
46 silly install resolved     _npmVersion: '1.0.23',
46 silly install resolved     _nodeVersion: 'v0.4.9',
46 silly install resolved     _defaultsLoaded: true,
46 silly install resolved     dist:
46 silly install resolved      { shasum: '6e7c972fc371c645a6afb03ab14769def114fcc0',
46 silly install resolved        tarball: 'http://registry.npmjs.org/zlib/-/zlib-1.0.5.tgz' },
46 silly install resolved     maintainers: [ [Object], [Object], [Object], [Object], [Object] ],
46 silly install resolved     directories: {},
46 silly install resolved     _shasum: '6e7c972fc371c645a6afb03ab14769def114fcc0',
46 silly install resolved     _resolved: 'https://registry.npmjs.org/zlib/-/zlib-1.0.5.tgz',
46 silly install resolved     _from: 'zlib@*',
46 silly install resolved     bugs: { url: 'https://github.com/kkaefer/node-zlib/issues' },
46 silly install resolved     readme: 'ERROR: No README data found!' } ]
47 info install zlib@1.0.5 into D:\dev\workspace\nodejs\nodejs-study
48 info installOne zlib@1.0.5
49 verbose installOne of zlib to D:\dev\workspace\nodejs\nodejs-study not in flight; installing
50 verbose lock using C:\Users\Felipe Albuquerque\AppData\Roaming\npm-cache\_locks\zlib-082ae12e5ac3b789.lock for D:\dev\workspace\nodejs\nodejs-study\node_modules\zlib
51 silly install write writing zlib 1.0.5 to D:\dev\workspace\nodejs\nodejs-study\node_modules\zlib
52 verbose unbuild node_modules\zlib
53 silly gentlyRm D:\dev\workspace\nodejs\nodejs-study\node_modules\zlib is being purged from base D:\dev\workspace\nodejs\nodejs-study
54 verbose gentlyRm don't care about contents; nuking D:\dev\workspace\nodejs\nodejs-study\node_modules\zlib
55 verbose tar unpack C:\Users\Felipe Albuquerque\AppData\Roaming\npm-cache\zlib\1.0.5\package.tgz
56 verbose tar unpacking to D:\dev\workspace\nodejs\nodejs-study\node_modules\zlib
57 silly gentlyRm D:\dev\workspace\nodejs\nodejs-study\node_modules\zlib is being purged
58 verbose gentlyRm don't care about contents; nuking D:\dev\workspace\nodejs\nodejs-study\node_modules\zlib
59 silly gunzTarPerm modes [ '777', '666' ]
60 silly gunzTarPerm extractEntry .gitignore
61 silly gunzTarPerm modified mode [ '.gitignore', 420, 438 ]
62 silly gunzTarPerm extractEntry configure
63 silly gunzTarPerm modified mode [ 'configure', 493, 511 ]
64 silly gunzTarPerm extractEntry index.js
65 silly gunzTarPerm modified mode [ 'index.js', 420, 438 ]
66 silly gunzTarPerm extractEntry LICENSE
67 silly gunzTarPerm modified mode [ 'LICENSE', 420, 438 ]
68 silly gunzTarPerm extractEntry Makefile
69 silly gunzTarPerm modified mode [ 'Makefile', 420, 438 ]
70 silly gunzTarPerm extractEntry package.json
71 silly gunzTarPerm modified mode [ 'package.json', 420, 438 ]
72 silly gunzTarPerm extractEntry README.md
73 silly gunzTarPerm modified mode [ 'README.md', 420, 438 ]
74 silly gunzTarPerm extractEntry wscript
75 silly gunzTarPerm modified mode [ 'wscript', 420, 438 ]
76 silly gunzTarPerm extractEntry lib/zlib.js
77 silly gunzTarPerm modified mode [ 'lib/zlib.js', 420, 438 ]
78 silly gunzTarPerm extractEntry src/node-zlib.cc
79 silly gunzTarPerm modified mode [ 'src/node-zlib.cc', 420, 438 ]
80 silly gunzTarPerm extractEntry test/deflate.test.js
81 silly gunzTarPerm modified mode [ 'test/deflate.test.js', 420, 438 ]
82 silly gunzTarPerm extractEntry test/inflate.test.js
83 silly gunzTarPerm modified mode [ 'test/inflate.test.js', 420, 438 ]
84 verbose write writing to D:\dev\workspace\nodejs\nodejs-study\node_modules\zlib\package.json
85 info preinstall zlib@1.0.5
86 verbose unsafe-perm in lifecycle true
87 info zlib@1.0.5 Failed to exec preinstall script
88 verbose unlock done using C:\Users\Felipe Albuquerque\AppData\Roaming\npm-cache\_locks\zlib-082ae12e5ac3b789.lock for D:\dev\workspace\nodejs\nodejs-study\node_modules\zlib
89 verbose stack Error: zlib@1.0.5 preinstall: `node-waf clean || true; node-waf configure build`
89 verbose stack Exit status 1
89 verbose stack     at EventEmitter.<anonymous> (D:\dev\nodejs\node_modules\npm\lib\utils\lifecycle.js:213:16)
89 verbose stack     at EventEmitter.emit (events.js:110:17)
89 verbose stack     at ChildProcess.<anonymous> (D:\dev\nodejs\node_modules\npm\lib\utils\spawn.js:24:14)
89 verbose stack     at ChildProcess.emit (events.js:110:17)
89 verbose stack     at maybeClose (child_process.js:1015:16)
89 verbose stack     at Process.ChildProcess._handle.onexit (child_process.js:1087:5)
90 verbose pkgid zlib@1.0.5
91 verbose cwd D:\dev\workspace\nodejs\nodejs-study\stream
92 error Windows_NT 6.1.7601
93 error argv "D:\\dev\\nodejs\\\\node.exe" "D:\\dev\\nodejs\\node_modules\\npm\\bin\\npm-cli.js" "install" "zlib"
94 error node v0.12.3
95 error npm  v2.9.1
96 error code ELIFECYCLE
97 error zlib@1.0.5 preinstall: `node-waf clean || true; node-waf configure build`
97 error Exit status 1
98 error Failed at the zlib@1.0.5 preinstall script 'node-waf clean || true; node-waf configure build'.
98 error This is most likely a problem with the zlib package,
98 error not with npm itself.
98 error Tell the author that this fails on your system:
98 error     node-waf clean || true; node-waf configure build
98 error You can get their info via:
98 error     npm owner ls zlib
98 error There is likely additional logging output above.
99 verbose exit [ 1, true ]
100 verbose unbuild node_modules\zlib
101 info preuninstall zlib@1.0.5
102 info uninstall zlib@1.0.5
103 verbose unbuild rmStuff zlib@1.0.5 from D:\dev\workspace\nodejs\nodejs-study\node_modules
104 info postuninstall zlib@1.0.5
105 silly gentlyRm D:\dev\workspace\nodejs\nodejs-study\node_modules\zlib is being purged from base D:\dev\workspace\nodejs\nodejs-study
106 verbose gentlyRm don't care about contents; nuking D:\dev\workspace\nodejs\nodejs-study\node_modules\zlib
107 silly vacuum-fs purging D:\dev\workspace\nodejs\nodejs-study\node_modules\zlib
108 silly vacuum-fs quitting because other entries in D:\dev\workspace\nodejs\nodejs-study\node_modules
